e:\c++_useful_application\aldorithms_visualisation\aldorithms_visualisation\x64\debug\vc143.pdb
e:\c++_useful_application\aldorithms_visualisation\aldorithms_visualisation\x64\debug\vc143.idb
e:\c++_useful_application\aldorithms_visualisation\aldorithms_visualisation\x64\debug\main.obj
e:\c++_useful_application\aldorithms_visualisation\aldorithms_visualisation\x64\debug\grid.obj
e:\c++_useful_application\aldorithms_visualisation\x64\debug\aldorithms_visualisation.pdb
e:\c++_useful_application\aldorithms_visualisation\aldorithms_visualisation\x64\debug\aldorith.25bdad7d.tlog\cl.command.1.tlog
e:\c++_useful_application\aldorithms_visualisation\aldorithms_visualisation\x64\debug\aldorith.25bdad7d.tlog\cl.items.tlog
e:\c++_useful_application\aldorithms_visualisation\aldorithms_visualisation\x64\debug\aldorith.25bdad7d.tlog\cl.read.1.tlog
e:\c++_useful_application\aldorithms_visualisation\aldorithms_visualisation\x64\debug\aldorith.25bdad7d.tlog\cl.write.1.tlog
e:\c++_useful_application\aldorithms_visualisation\aldorithms_visualisation\x64\debug\aldorith.25bdad7d.tlog\link-cvtres.read.1.tlog
e:\c++_useful_application\aldorithms_visualisation\aldorithms_visualisation\x64\debug\aldorith.25bdad7d.tlog\link-cvtres.write.1.tlog
e:\c++_useful_application\aldorithms_visualisation\aldorithms_visualisation\x64\debug\aldorith.25bdad7d.tlog\link-rc.read.1.tlog
e:\c++_useful_application\aldorithms_visualisation\aldorithms_visualisation\x64\debug\aldorith.25bdad7d.tlog\link-rc.write.1.tlog
e:\c++_useful_application\aldorithms_visualisation\aldorithms_visualisation\x64\debug\aldorith.25bdad7d.tlog\link.9556-cvtres.read.1.tlog
e:\c++_useful_application\aldorithms_visualisation\aldorithms_visualisation\x64\debug\aldorith.25bdad7d.tlog\link.9556-cvtres.write.1.tlog
e:\c++_useful_application\aldorithms_visualisation\aldorithms_visualisation\x64\debug\aldorith.25bdad7d.tlog\link.9556-rc.read.1.tlog
e:\c++_useful_application\aldorithms_visualisation\aldorithms_visualisation\x64\debug\aldorith.25bdad7d.tlog\link.9556-rc.write.1.tlog
e:\c++_useful_application\aldorithms_visualisation\aldorithms_visualisation\x64\debug\aldorith.25bdad7d.tlog\link.9556.read.1.tlog
e:\c++_useful_application\aldorithms_visualisation\aldorithms_visualisation\x64\debug\aldorith.25bdad7d.tlog\link.9556.read.2.tlog
e:\c++_useful_application\aldorithms_visualisation\aldorithms_visualisation\x64\debug\aldorith.25bdad7d.tlog\link.9556.write.1.tlog
e:\c++_useful_application\aldorithms_visualisation\aldorithms_visualisation\x64\debug\aldorith.25bdad7d.tlog\link.command.1.tlog
e:\c++_useful_application\aldorithms_visualisation\aldorithms_visualisation\x64\debug\aldorith.25bdad7d.tlog\link.read.1.tlog
e:\c++_useful_application\aldorithms_visualisation\aldorithms_visualisation\x64\debug\aldorith.25bdad7d.tlog\link.read.2.tlog
e:\c++_useful_application\aldorithms_visualisation\aldorithms_visualisation\x64\debug\aldorith.25bdad7d.tlog\link.write.1.tlog
